<?xml version="1.0" encoding="UTF-8"?>
<!-- Generated by org.testng.reporters.JUnitReportReporter -->
<testsuite hostname="DESKTOP-6NQ8E1M" failures="2" tests="4" name="com.stepcampus.automation.tests.runners.TestRunner" time="45.971" errors="0" timestamp="2025-06-28T14:08:32 IST" skipped="0">
  <testcase classname="com.stepcampus.automation.tests.runners.TestRunner" name="runScenario" time="11.726"/>
  <testcase classname="com.stepcampus.automation.tests.runners.TestRunner" name="runScenario" time="8.915">
    <failure message="expected [Logged In Successfully | Practice Test Automation] but found [Test Login | Practice Test Automation]" type="java.lang.AssertionError">
      <![CDATA[java.lang.AssertionError: expected [Logged In Successfully | Practice Test Automation] but found [Test Login | Practice Test Automation]
at org.testng.Assert.fail(Assert.java:111)
at org.testng.Assert.failNotEquals(Assert.java:1590)
at org.testng.Assert.assertEqualsImpl(Assert.java:150)
at org.testng.Assert.assertEquals(Assert.java:132)
at org.testng.Assert.assertEquals(Assert.java:656)
at org.testng.Assert.assertEquals(Assert.java:666)
at com.stepcampus.automation.tests.stepdefs.LoginSteps.user_should_land_on_home_page(LoginSteps.java:30)
at ✽.User should land on Home Page(classpath:features/login.feature:6)
]]>
    </failure>
  </testcase> <!-- runScenario -->
  <testcase classname="com.stepcampus.automation.tests.runners.TestRunner" name="runScenario" time="14.022"/>
  <testcase classname="com.stepcampus.automation.tests.runners.TestRunner" name="runScenario" time="11.308">
    <failure message="expected [Logged In Successfully | Practice Test Automation] but found [Test Login | Practice Test Automation]" type="java.lang.AssertionError">
      <![CDATA[java.lang.AssertionError: expected [Logged In Successfully | Practice Test Automation] but found [Test Login | Practice Test Automation]
at org.testng.Assert.fail(Assert.java:111)
at org.testng.Assert.failNotEquals(Assert.java:1590)
at org.testng.Assert.assertEqualsImpl(Assert.java:150)
at org.testng.Assert.assertEquals(Assert.java:132)
at org.testng.Assert.assertEquals(Assert.java:656)
at org.testng.Assert.assertEquals(Assert.java:666)
at com.stepcampus.automation.tests.stepdefs.LoginSteps.user_should_land_on_home_page(LoginSteps.java:30)
at ✽.User should land on Home Page(classpath:features/login.feature:6)
]]>
    </failure>
  </testcase> <!-- runScenario -->
</testsuite> <!-- com.stepcampus.automation.tests.runners.TestRunner -->
